15:01:34.913 [main]  INFO  com.intuit.karate - Karate version: 1.4.0
15:02:44.390 [main]  INFO  com.intuit.karate - Karate version: 1.4.0
15:07:22.669 [main]  INFO  com.intuit.karate - Karate version: 1.4.0
15:07:24.637 [main]  DEBUG c.intuit.karate.robot.win.ComLibrary - loaded: UIAutomationClient, clsid: {944DE083-8FB8-45CF-BCB7-C477ACB2F897}, majorVersion: 1, minorVersion: 0
15:07:25.259 [main]  DEBUG com.intuit.karate.robot.win.ComUtils - init: {FF48DBA4-60EF-4201-AA87-54103EEF594E}, interface id: {30CBE57D-D9D0-452A-AB13-7AC5AC4825EE}
15:07:25.475 [main]  DEBUG com.intuit.karate - screen dimensions: 0:0(1536:864)
15:07:27.161 [main]  WARN  com.intuit.karate - failed to find window: Calculator
15:07:27.173 [1766050647168]  DEBUG com.intuit.karate - command: [calc], working dir: null
15:07:27.976 [1766050647168]  DEBUG com.intuit.karate.shell.Command - command complete, exit code: 0 - [calc]
15:07:30.606 [main]  DEBUG com.intuit.karate - attached to process window: 'Calculator' Window - [calc]
15:07:38.103 [main]  DEBUG com.intuit.karate - after scenario, current window: 'Calculator' Window
15:07:38.110 [main]  DEBUG com.intuit.karate - will attempt to close window for: Calculator
15:07:38.111 [main]  DEBUG com.intuit.karate.shell.Command - closing command: 1766050647168
15:07:38.804 [main]  INFO  com.intuit.karate.Suite - <<pass>> feature 1 of 1 (0 remaining) feature/calculator.feature
15:08:31.102 [main]  INFO  com.intuit.karate - Karate version: 1.4.0
15:08:31.493 [main]  INFO  com.intuit.karate.Suite - backed up existing 'target\karate-reports' dir to: target\karate-reports_1766050711482
15:08:33.333 [main]  DEBUG c.intuit.karate.robot.win.ComLibrary - loaded: UIAutomationClient, clsid: {944DE083-8FB8-45CF-BCB7-C477ACB2F897}, majorVersion: 1, minorVersion: 0
15:08:34.032 [main]  DEBUG com.intuit.karate.robot.win.ComUtils - init: {FF48DBA4-60EF-4201-AA87-54103EEF594E}, interface id: {30CBE57D-D9D0-452A-AB13-7AC5AC4825EE}
15:08:34.404 [main]  DEBUG com.intuit.karate - screen dimensions: 0:0(1536:864)
15:08:37.491 [main]  DEBUG com.intuit.karate - window found, will re-use: Calculator
15:08:41.677 [main]  ERROR com.intuit.karate - cannot locate: '1' ('Calculator' Window)
15:08:41.700 [main]  ERROR com.intuit.karate - feature/calculator.feature:12
* click('1')
js failed:
>>>>
01: click('1')
<<<<
org.graalvm.polyglot.PolyglotException: cannot locate: '1' ('Calculator' Window)
- com.intuit.karate.robot.RobotBase.locate(RobotBase.java:519)
- com.intuit.karate.robot.RobotBase.click(RobotBase.java:550)
- <js>.:anonymous(Unnamed:1)

feature/calculator.feature:12
15:08:41.956 [main]  DEBUG com.intuit.karate - after scenario, current window: 'Calculator' Window
15:08:42.698 [main]  INFO  com.intuit.karate.Suite - <<fail>> feature 1 of 1 (0 remaining) feature/calculator.feature
15:12:16.874 [main]  INFO  com.intuit.karate - Karate version: 1.4.0
15:12:17.242 [main]  INFO  com.intuit.karate.Suite - backed up existing 'target\karate-reports' dir to: target\karate-reports_1766050937234
15:12:18.373 [main]  ERROR com.intuit.karate - feature/calculator.feature:8
* click('{automationId=num1Button}')
js failed:
>>>>
01: click('{automationId=num1Button}')
<<<<
org.graalvm.polyglot.PolyglotException: ReferenceError: "click" is not defined
- <js>.:program(Unnamed:1)

feature/calculator.feature:8
15:12:19.190 [main]  INFO  com.intuit.karate.Suite - <<fail>> feature 1 of 1 (0 remaining) feature/calculator.feature
15:12:33.292 [main]  INFO  com.intuit.karate - Karate version: 1.4.0
15:12:33.643 [main]  INFO  com.intuit.karate.Suite - backed up existing 'target\karate-reports' dir to: target\karate-reports_1766050953636
15:12:35.038 [main]  DEBUG c.intuit.karate.robot.win.ComLibrary - loaded: UIAutomationClient, clsid: {944DE083-8FB8-45CF-BCB7-C477ACB2F897}, majorVersion: 1, minorVersion: 0
15:12:35.626 [main]  DEBUG com.intuit.karate.robot.win.ComUtils - init: {FF48DBA4-60EF-4201-AA87-54103EEF594E}, interface id: {30CBE57D-D9D0-452A-AB13-7AC5AC4825EE}
15:12:35.830 [main]  DEBUG com.intuit.karate - screen dimensions: 0:0(1536:864)
15:12:37.927 [main]  DEBUG com.intuit.karate - window found, will re-use: Calculator
15:12:45.424 [main]  DEBUG com.intuit.karate - after scenario, current window: 'Calculator' Window
15:12:46.096 [main]  INFO  com.intuit.karate.Suite - <<pass>> feature 1 of 1 (0 remaining) feature/calculator.feature
17:52:24.870 [main]  INFO  com.intuit.karate - Karate version: 1.4.0
17:52:25.208 [main]  INFO  com.intuit.karate.Suite - backed up existing 'target\karate-reports' dir to: target\karate-reports_1766060545200
17:52:27.042 [main]  INFO  com.intuit.karate.Suite - <<pass>> feature 1 of 1 (0 remaining) feature/calculator.feature
17:52:37.256 [main]  INFO  com.intuit.karate - Karate version: 1.4.0
17:52:37.611 [main]  INFO  com.intuit.karate.Suite - backed up existing 'target\karate-reports' dir to: target\karate-reports_1766060557602
17:52:39.436 [main]  INFO  com.intuit.karate.Suite - <<pass>> feature 1 of 1 (0 remaining) feature/calculator.feature
17:53:18.813 [main]  INFO  com.intuit.karate - Karate version: 1.4.0
17:53:19.209 [main]  INFO  com.intuit.karate.Suite - backed up existing 'target\karate-reports' dir to: target\karate-reports_1766060599196
17:53:20.950 [main]  DEBUG c.intuit.karate.robot.win.ComLibrary - loaded: UIAutomationClient, clsid: {944DE083-8FB8-45CF-BCB7-C477ACB2F897}, majorVersion: 1, minorVersion: 0
17:53:21.651 [main]  DEBUG com.intuit.karate.robot.win.ComUtils - init: {FF48DBA4-60EF-4201-AA87-54103EEF594E}, interface id: {30CBE57D-D9D0-452A-AB13-7AC5AC4825EE}
17:53:21.888 [main]  DEBUG com.intuit.karate - screen dimensions: 0:0(1536:864)
17:53:23.937 [main]  DEBUG com.intuit.karate - window found, will re-use: Calculator
17:53:27.326 [main]  DEBUG com.intuit.karate - after scenario, current window: 'Calculator' Window
17:53:28.039 [main]  INFO  com.intuit.karate.Suite - <<pass>> feature 1 of 1 (0 remaining) feature/calculator.feature
17:55:23.157 [main]  INFO  com.intuit.karate - Karate version: 1.4.0
17:55:23.523 [main]  INFO  com.intuit.karate.Suite - backed up existing 'target\karate-reports' dir to: target\karate-reports_1766060723512
17:55:24.892 [main]  DEBUG c.intuit.karate.robot.win.ComLibrary - loaded: UIAutomationClient, clsid: {944DE083-8FB8-45CF-BCB7-C477ACB2F897}, majorVersion: 1, minorVersion: 0
17:55:25.475 [main]  DEBUG com.intuit.karate.robot.win.ComUtils - init: {FF48DBA4-60EF-4201-AA87-54103EEF594E}, interface id: {30CBE57D-D9D0-452A-AB13-7AC5AC4825EE}
17:55:25.696 [main]  DEBUG com.intuit.karate - screen dimensions: 0:0(1536:864)
17:55:27.769 [main]  DEBUG com.intuit.karate - window found, will re-use: Calculator
17:55:31.181 [main]  ERROR com.intuit.karate - cannot locate: 'button[value='7']' ('Calculator' Window)
17:55:31.205 [main]  ERROR com.intuit.karate - feature/calculator.feature:15
* click("button[value='7']")
js failed:
>>>>
01: click("button[value='7']")
<<<<
org.graalvm.polyglot.PolyglotException: cannot locate: 'button[value='7']' ('Calculator' Window)
- com.intuit.karate.robot.RobotBase.locate(RobotBase.java:519)
- com.intuit.karate.robot.RobotBase.click(RobotBase.java:550)
- <js>.:anonymous(Unnamed:1)

feature/calculator.feature:15
17:55:31.470 [main]  DEBUG com.intuit.karate - after scenario, current window: 'Calculator' Window
17:55:32.223 [main]  INFO  com.intuit.karate.Suite - <<fail>> feature 1 of 1 (0 remaining) feature/calculator.feature
17:57:47.757 [main]  INFO  com.intuit.karate - Karate version: 1.4.0
17:57:48.082 [main]  INFO  com.intuit.karate.Suite - backed up existing 'target\karate-reports' dir to: target\karate-reports_1766060868073
17:57:49.478 [main]  DEBUG c.intuit.karate.robot.win.ComLibrary - loaded: UIAutomationClient, clsid: {944DE083-8FB8-45CF-BCB7-C477ACB2F897}, majorVersion: 1, minorVersion: 0
17:57:50.118 [main]  DEBUG com.intuit.karate.robot.win.ComUtils - init: {FF48DBA4-60EF-4201-AA87-54103EEF594E}, interface id: {30CBE57D-D9D0-452A-AB13-7AC5AC4825EE}
17:57:50.305 [main]  DEBUG com.intuit.karate - screen dimensions: 0:0(1536:864)
17:57:51.462 [main]  WARN  com.intuit.karate - failed to find window: Paint
17:57:51.470 [1766060871466]  DEBUG com.intuit.karate - command: [mspaint], working dir: null
17:57:53.624 [main]  WARN  com.intuit.karate - failed to find window: Paint
17:57:53.625 [main]  DEBUG com.intuit.karate - find window - retry #1
17:57:57.841 [main]  WARN  com.intuit.karate - failed to find window: Paint
17:57:57.842 [main]  DEBUG com.intuit.karate - find window - retry #2
17:58:02.382 [main]  WARN  com.intuit.karate - failed to find window: Paint
17:58:02.383 [main]  DEBUG com.intuit.karate - find window - retry #3
17:58:06.541 [main]  WARN  com.intuit.karate - failed to find window: Paint
17:58:06.550 [main]  WARN  com.intuit.karate - find window: failed after 3 retries and 14560 milliseconds
17:58:06.565 [main]  ERROR com.intuit.karate - feature/calculator.feature:13
* robot { window: 'Paint', fork: 'mspaint', titleContains: true, highlight: true }
robot init failed: find window: failed after 3 retries and 14560 milliseconds
feature/calculator.feature:13
17:58:07.401 [main]  INFO  com.intuit.karate.Suite - <<fail>> feature 1 of 1 (0 remaining) feature/calculator.feature
17:58:17.727 [main]  INFO  com.intuit.karate - Karate version: 1.4.0
17:58:18.053 [main]  INFO  com.intuit.karate.Suite - backed up existing 'target\karate-reports' dir to: target\karate-reports_1766060898044
17:58:19.404 [main]  DEBUG c.intuit.karate.robot.win.ComLibrary - loaded: UIAutomationClient, clsid: {944DE083-8FB8-45CF-BCB7-C477ACB2F897}, majorVersion: 1, minorVersion: 0
17:58:19.990 [main]  DEBUG com.intuit.karate.robot.win.ComUtils - init: {FF48DBA4-60EF-4201-AA87-54103EEF594E}, interface id: {30CBE57D-D9D0-452A-AB13-7AC5AC4825EE}
17:58:20.226 [main]  DEBUG com.intuit.karate - screen dimensions: 0:0(1536:864)
17:58:21.443 [main]  WARN  com.intuit.karate - failed to find window: Paint
17:58:21.449 [1766060901446]  DEBUG com.intuit.karate - command: [mspaint], working dir: null
17:58:23.508 [main]  WARN  com.intuit.karate - failed to find window: Paint
17:58:23.508 [main]  DEBUG com.intuit.karate - find window - retry #1
17:58:27.988 [main]  WARN  com.intuit.karate - failed to find window: Paint
17:58:27.988 [main]  DEBUG com.intuit.karate - find window - retry #2
17:58:32.255 [main]  WARN  com.intuit.karate - failed to find window: Paint
17:58:32.255 [main]  DEBUG com.intuit.karate - find window - retry #3
17:58:36.449 [main]  WARN  com.intuit.karate - failed to find window: Paint
17:58:36.458 [main]  WARN  com.intuit.karate - find window: failed after 3 retries and 14489 milliseconds
17:58:36.474 [main]  ERROR com.intuit.karate - feature/calculator.feature:13
* robot { window: 'Paint', fork: 'mspaint', titleContains: true, highlight: true }
robot init failed: find window: failed after 3 retries and 14489 milliseconds
feature/calculator.feature:13
17:58:37.372 [main]  INFO  com.intuit.karate.Suite - <<fail>> feature 1 of 1 (0 remaining) feature/calculator.feature
10:12:34.252 [main]  INFO  com.intuit.karate - Karate version: 1.4.0
10:12:34.556 [main]  INFO  com.intuit.karate.Suite - backed up existing 'target\karate-reports' dir to: target\karate-reports_1766464954548
10:16:48.116 [main]  INFO  com.intuit.karate - Karate version: 1.4.0
10:16:48.409 [main]  INFO  com.intuit.karate.Suite - backed up existing 'target\karate-reports' dir to: target\karate-reports_1766465208400
10:16:58.231 [main]  INFO  com.intuit.karate - Karate version: 1.4.0
10:16:58.578 [main]  INFO  com.intuit.karate.Suite - backed up existing 'target\karate-reports' dir to: target\karate-reports_1766465218571
10:17:00.302 [main]  INFO  com.intuit.karate.Suite - <<pass>> feature 1 of 1 (0 remaining) feature/simple.feature
